<?xml version="1.0" encoding="UTF-8"?>
<!-- Generated by org.testng.reporters.JUnitReportReporter -->
<testsuite hostname="DESKTOP-OJSJBRH" failures="0" tests="4" name="MyPractise.priority" time="0.027" errors="0" timestamp="2023-09-02T21:00:57 IST" skipped="0">
  <testcase classname="MyPractise.priority" name="method2" time="0.020"/>
  <testcase classname="MyPractise.priority" name="method1" time="0.003"/>
  <testcase classname="MyPractise.priority" name="method3" time="0.002"/>
  <testcase classname="MyPractise.priority" name="method4" time="0.002"/>
</testsuite> <!-- MyPractise.priority -->
